{
  "uid" : "dc67f5911631b554",
  "name" : "用例标题：福利中心转盘抽奖",
  "fullName" : "testcase.test_benefit.TestSigning#test_go_rewad",
  "historyId" : "a5d36d25e3840c4d8d6483b90c4a2993",
  "time" : {
    "start" : 1662002595409,
    "stop" : 1662002598436,
    "duration" : 3027
  },
  "description" : "测试步骤：app首页，进入福利中心，进入转盘，点击抽奖",
  "descriptionHtml" : "<p>测试步骤：app首页，进入福利中心，进入转盘，点击抽奖</p>\n",
  "status" : "broken",
  "statusMessage" : "selenium.common.exceptions.NoSuchElementException: Message: An element could not be located on the page using the given search parameters.",
  "statusTrace" : "self = <testcase.test_benefit.TestSigning object at 0x000002CD4A1A7010>\n\n>   ???\n\nD:\\GTAappProject\\testcase\\test_benefit.py:40: \n_ _ _ _ _ _ _ _ _ _ _ _ _ _ _ _ _ _ _ _ _ _ _ _ _ _ _ _ _ _ _ _ _ _ _ _ _ _ _ _\npom\\home_page.py:26: in go_to_Benefits\n    self.driver.find_element_by_android_uiautomator('new UiSelector().description(\"福利中心\")').click()\nD:\\GTAapp\\platform-qa-tools\\GTAapp\\venv\\lib\\site-packages\\appium\\webdriver\\extensions\\search_context\\android.py:147: in find_element_by_android_uiautomator\n    return self.find_element(by=MobileBy.ANDROID_UIAUTOMATOR, value=uia_string)\nD:\\GTAapp\\platform-qa-tools\\GTAapp\\venv\\lib\\site-packages\\appium\\webdriver\\webdriver.py:282: in find_element\n    return self.execute(RemoteCommand.FIND_ELEMENT, {'using': by, 'value': value})['value']\nD:\\GTAapp\\platform-qa-tools\\GTAapp\\venv\\lib\\site-packages\\selenium\\webdriver\\remote\\webdriver.py:321: in execute\n    self.error_handler.check_response(response)\nD:\\GTAapp\\platform-qa-tools\\GTAapp\\venv\\lib\\site-packages\\appium\\webdriver\\errorhandler.py:31: in check_response\n    raise wde\nD:\\GTAapp\\platform-qa-tools\\GTAapp\\venv\\lib\\site-packages\\appium\\webdriver\\errorhandler.py:26: in check_response\n    super().check_response(response)\n_ _ _ _ _ _ _ _ _ _ _ _ _ _ _ _ _ _ _ _ _ _ _ _ _ _ _ _ _ _ _ _ _ _ _ _ _ _ _ _\n\nself = <appium.webdriver.errorhandler.MobileErrorHandler object at 0x000002CD4A2ABDF0>\nresponse = {'status': 404, 'value': '{\"value\":{\"error\":\"no such element\",\"message\":\"An element could not be located on the page u...\\\\\\node_modules\\\\\\\\appium\\\\\\\\node_modules\\\\\\\\appium-base-driver\\\\\\\\lib\\\\\\\\basedriver\\\\\\\\commands\\\\\\\\find.js:53:10)\"}}'}\n\n    def check_response(self, response):\n        \"\"\"\n        Checks that a JSON response from the WebDriver does not have an error.\n    \n        :Args:\n         - response - The JSON response from the WebDriver server as a dictionary\n           object.\n    \n        :Raises: If the response contains an error message.\n        \"\"\"\n        status = response.get('status', None)\n        if status is None or status == ErrorCode.SUCCESS:\n            return\n        value = None\n        message = response.get(\"message\", \"\")\n        screen = response.get(\"screen\", \"\")\n        stacktrace = None\n        if isinstance(status, int):\n            value_json = response.get('value', None)\n            if value_json and isinstance(value_json, basestring):\n                import json\n                try:\n                    value = json.loads(value_json)\n                    if len(value.keys()) == 1:\n                        value = value['value']\n                    status = value.get('error', None)\n                    if status is None:\n                        status = value[\"status\"]\n                        message = value[\"value\"]\n                        if not isinstance(message, basestring):\n                            value = message\n                            message = message.get('message')\n                    else:\n                        message = value.get('message', None)\n                except ValueError:\n                    pass\n    \n        exception_class = ErrorInResponseException\n        if status in ErrorCode.NO_SUCH_ELEMENT:\n            exception_class = NoSuchElementException\n        elif status in ErrorCode.NO_SUCH_FRAME:\n            exception_class = NoSuchFrameException\n        elif status in ErrorCode.NO_SUCH_WINDOW:\n            exception_class = NoSuchWindowException\n        elif status in ErrorCode.STALE_ELEMENT_REFERENCE:\n            exception_class = StaleElementReferenceException\n        elif status in ErrorCode.ELEMENT_NOT_VISIBLE:\n            exception_class = ElementNotVisibleException\n        elif status in ErrorCode.INVALID_ELEMENT_STATE:\n            exception_class = InvalidElementStateException\n        elif status in ErrorCode.INVALID_SELECTOR \\\n                or status in ErrorCode.INVALID_XPATH_SELECTOR \\\n                or status in ErrorCode.INVALID_XPATH_SELECTOR_RETURN_TYPER:\n            exception_class = InvalidSelectorException\n        elif status in ErrorCode.ELEMENT_IS_NOT_SELECTABLE:\n            exception_class = ElementNotSelectableException\n        elif status in ErrorCode.ELEMENT_NOT_INTERACTABLE:\n            exception_class = ElementNotInteractableException\n        elif status in ErrorCode.INVALID_COOKIE_DOMAIN:\n            exception_class = InvalidCookieDomainException\n        elif status in ErrorCode.UNABLE_TO_SET_COOKIE:\n            exception_class = UnableToSetCookieException\n        elif status in ErrorCode.TIMEOUT:\n            exception_class = TimeoutException\n        elif status in ErrorCode.SCRIPT_TIMEOUT:\n            exception_class = TimeoutException\n        elif status in ErrorCode.UNKNOWN_ERROR:\n            exception_class = WebDriverException\n        elif status in ErrorCode.UNEXPECTED_ALERT_OPEN:\n            exception_class = UnexpectedAlertPresentException\n        elif status in ErrorCode.NO_ALERT_OPEN:\n            exception_class = NoAlertPresentException\n        elif status in ErrorCode.IME_NOT_AVAILABLE:\n            exception_class = ImeNotAvailableException\n        elif status in ErrorCode.IME_ENGINE_ACTIVATION_FAILED:\n            exception_class = ImeActivationFailedException\n        elif status in ErrorCode.MOVE_TARGET_OUT_OF_BOUNDS:\n            exception_class = MoveTargetOutOfBoundsException\n        elif status in ErrorCode.JAVASCRIPT_ERROR:\n            exception_class = JavascriptException\n        elif status in ErrorCode.SESSION_NOT_CREATED:\n            exception_class = SessionNotCreatedException\n        elif status in ErrorCode.INVALID_ARGUMENT:\n            exception_class = InvalidArgumentException\n        elif status in ErrorCode.NO_SUCH_COOKIE:\n            exception_class = NoSuchCookieException\n        elif status in ErrorCode.UNABLE_TO_CAPTURE_SCREEN:\n            exception_class = ScreenshotException\n        elif status in ErrorCode.ELEMENT_CLICK_INTERCEPTED:\n            exception_class = ElementClickInterceptedException\n        elif status in ErrorCode.INSECURE_CERTIFICATE:\n            exception_class = InsecureCertificateException\n        elif status in ErrorCode.INVALID_COORDINATES:\n            exception_class = InvalidCoordinatesException\n        elif status in ErrorCode.INVALID_SESSION_ID:\n            exception_class = InvalidSessionIdException\n        elif status in ErrorCode.UNKNOWN_METHOD:\n            exception_class = UnknownMethodException\n        else:\n            exception_class = WebDriverException\n        if value == '' or value is None:\n            value = response['value']\n        if isinstance(value, basestring):\n            if exception_class == ErrorInResponseException:\n                raise exception_class(response, value)\n            raise exception_class(value)\n        if message == \"\" and 'message' in value:\n            message = value['message']\n    \n        screen = None\n        if 'screen' in value:\n            screen = value['screen']\n    \n        stacktrace = None\n        if 'stackTrace' in value and value['stackTrace']:\n            stacktrace = []\n            try:\n                for frame in value['stackTrace']:\n                    line = self._value_or_default(frame, 'lineNumber', '')\n                    file = self._value_or_default(frame, 'fileName', '<anonymous>')\n                    if line:\n                        file = \"%s:%s\" % (file, line)\n                    meth = self._value_or_default(frame, 'methodName', '<anonymous>')\n                    if 'className' in frame:\n                        meth = \"%s.%s\" % (frame['className'], meth)\n                    msg = \"    at %s (%s)\"\n                    msg = msg % (meth, file)\n                    stacktrace.append(msg)\n            except TypeError:\n                pass\n        if exception_class == ErrorInResponseException:\n            raise exception_class(response, message)\n        elif exception_class == UnexpectedAlertPresentException:\n            alert_text = None\n            if 'data' in value:\n                alert_text = value['data'].get('text')\n            elif 'alert' in value:\n                alert_text = value['alert'].get('text')\n            raise exception_class(message, screen, stacktrace, alert_text)\n>       raise exception_class(message, screen, stacktrace)\nE       selenium.common.exceptions.NoSuchElementException: Message: An element could not be located on the page using the given search parameters.\n\nD:\\GTAapp\\platform-qa-tools\\GTAapp\\venv\\lib\\site-packages\\selenium\\webdriver\\remote\\errorhandler.py:242: NoSuchElementException",
  "flaky" : false,
  "newFailed" : false,
  "beforeStages" : [ {
    "name" : "before_runcase",
    "time" : {
      "start" : 1662002541824,
      "stop" : 1662002595409,
      "duration" : 53585
    },
    "status" : "passed",
    "steps" : [ ],
    "attachments" : [ ],
    "parameters" : [ ],
    "stepsCount" : 0,
    "hasContent" : false,
    "shouldDisplayMessage" : false,
    "attachmentsCount" : 0
  }, {
    "name" : "session",
    "time" : {
      "start" : 1662002457989,
      "stop" : 1662002458196,
      "duration" : 207
    },
    "status" : "passed",
    "steps" : [ ],
    "attachments" : [ ],
    "parameters" : [ ],
    "stepsCount" : 0,
    "hasContent" : false,
    "shouldDisplayMessage" : false,
    "attachmentsCount" : 0
  } ],
  "afterStages" : [ {
    "name" : "before_runcase::0",
    "time" : {
      "start" : 1662002598498,
      "stop" : 1662002598498,
      "duration" : 0
    },
    "status" : "passed",
    "steps" : [ ],
    "attachments" : [ ],
    "parameters" : [ ],
    "stepsCount" : 0,
    "hasContent" : false,
    "shouldDisplayMessage" : false,
    "attachmentsCount" : 0
  }, {
    "name" : "session::0",
    "time" : {
      "start" : 1662002609860,
      "stop" : 1662002620188,
      "duration" : 10328
    },
    "status" : "passed",
    "steps" : [ ],
    "attachments" : [ ],
    "parameters" : [ ],
    "stepsCount" : 0,
    "hasContent" : false,
    "shouldDisplayMessage" : false,
    "attachmentsCount" : 0
  } ],
  "labels" : [ {
    "name" : "story",
    "value" : "app福利中心转盘抽奖"
  }, {
    "name" : "tag",
    "value" : "抽奖成功"
  }, {
    "name" : "suite",
    "value" : "测试套件-福利中心"
  }, {
    "name" : "epic",
    "value" : "************测试福利中心************"
  }, {
    "name" : "feature",
    "value" : "测试模块-福利中心模块"
  }, {
    "name" : "parentSuite",
    "value" : "testcase"
  }, {
    "name" : "subSuite",
    "value" : "TestSigning"
  }, {
    "name" : "host",
    "value" : "UPC3843"
  }, {
    "name" : "thread",
    "value" : "20196-MainThread"
  }, {
    "name" : "framework",
    "value" : "pytest"
  }, {
    "name" : "language",
    "value" : "cpython3"
  }, {
    "name" : "package",
    "value" : "testcase.test_benefit"
  }, {
    "name" : "resultFormat",
    "value" : "allure2"
  } ],
  "parameters" : [ ],
  "links" : [ {
    "name" : "D:\\pythonProject1\\screenshots",
    "url" : "D:\\pythonProject1\\screenshots",
    "type" : "test_case"
  } ],
  "hidden" : true,
  "retry" : true,
  "extra" : {
    "categories" : [ ],
    "tags" : [ "抽奖成功" ]
  },
  "source" : "dc67f5911631b554.json",
  "parameterValues" : [ ]
}